<?xml version="1.0" encoding="UTF-8"?>
<testng-results skipped="0" failed="1" ignored="0" total="2" passed="1">
  <reporter-output>
  </reporter-output>
  <suite name="Suite" duration-ms="50887" started-at="2019-01-15T16:23:49Z" finished-at="2019-01-15T16:24:40Z">
    <groups>
    </groups>
    <test name="Test" duration-ms="20859" started-at="2019-01-15T16:23:49Z" finished-at="2019-01-15T16:24:10Z">
      <class name="com.testcases.TC_01_LoginTestCase">
        <test-method status="PASS" signature="openBrowser()[pri:0, instance:com.testcases.TC_01_LoginTestCase@694abbdc]" name="openBrowser" is-config="true" duration-ms="6453" started-at="2019-01-15T16:23:49Z" finished-at="2019-01-15T16:23:55Z">
          <reporter-output>
          </reporter-output>
        </test-method> <!-- openBrowser -->
        <test-method status="FAIL" signature="loginToGmail()[pri:0, instance:com.testcases.TC_01_LoginTestCase@694abbdc]" name="loginToGmail" duration-ms="12963" started-at="2019-01-15T16:23:55Z" finished-at="2019-01-15T16:24:08Z">
          <exception class="java.lang.AssertionError">
            <message>
              <![CDATA[expected [true] but found [false]]]>
            </message>
            <full-stacktrace>
              <![CDATA[java.lang.AssertionError: expected [true] but found [false]
at org.testng.Assert.fail(Assert.java:96)
at org.testng.Assert.failNotEquals(Assert.java:776)
at org.testng.Assert.assertEqualsImpl(Assert.java:137)
at org.testng.Assert.assertEquals(Assert.java:118)
at org.testng.Assert.assertEquals(Assert.java:568)
at org.testng.Assert.assertEquals(Assert.java:578)
at com.testcases.TC_01_LoginTestCase.loginToGmail(TC_01_LoginTestCase.java:52)
at sun.reflect.NativeMethodAccessorImpl.invoke0(Native Method)
at sun.reflect.NativeMethodAccessorImpl.invoke(Unknown Source)
at sun.reflect.DelegatingMethodAccessorImpl.invoke(Unknown Source)
at java.lang.reflect.Method.invoke(Unknown Source)
at org.testng.internal.MethodInvocationHelper.invokeMethod(MethodInvocationHelper.java:124)
at org.testng.internal.Invoker.invokeMethod(Invoker.java:583)
at org.testng.internal.Invoker.invokeTestMethod(Invoker.java:719)
at org.testng.internal.Invoker.invokeTestMethods(Invoker.java:989)
at org.testng.internal.TestMethodWorker.invokeTestMethods(TestMethodWorker.java:125)
at org.testng.internal.TestMethodWorker.run(TestMethodWorker.java:109)
at org.testng.TestRunner.privateRun(TestRunner.java:648)
at org.testng.TestRunner.run(TestRunner.java:505)
at org.testng.SuiteRunner.runTest(SuiteRunner.java:455)
at org.testng.SuiteRunner.runSequentially(SuiteRunner.java:450)
at org.testng.SuiteRunner.privateRun(SuiteRunner.java:415)
at org.testng.SuiteRunner.run(SuiteRunner.java:364)
at org.testng.SuiteRunnerWorker.runSuite(SuiteRunnerWorker.java:52)
at org.testng.SuiteRunnerWorker.run(SuiteRunnerWorker.java:84)
at org.testng.TestNG.runSuitesSequentially(TestNG.java:1208)
at org.testng.TestNG.runSuitesLocally(TestNG.java:1137)
at org.testng.TestNG.runSuites(TestNG.java:1049)
at org.testng.TestNG.run(TestNG.java:1017)
at org.apache.maven.surefire.testng.TestNGExecutor.run(TestNGExecutor.java:283)
at org.apache.maven.surefire.testng.TestNGXmlTestSuite.execute(TestNGXmlTestSuite.java:75)
at org.apache.maven.surefire.testng.TestNGProvider.invoke(TestNGProvider.java:120)
at org.apache.maven.surefire.booter.ForkedBooter.invokeProviderInSameClassLoader(ForkedBooter.java:384)
at org.apache.maven.surefire.booter.ForkedBooter.runSuitesInProcess(ForkedBooter.java:345)
at org.apache.maven.surefire.booter.ForkedBooter.execute(ForkedBooter.java:126)
at org.apache.maven.surefire.booter.ForkedBooter.main(ForkedBooter.java:418)
]]>
            </full-stacktrace>
          </exception> <!-- java.lang.AssertionError -->
          <reporter-output>
          </reporter-output>
        </test-method> <!-- loginToGmail -->
        <test-method status="PASS" signature="closeBrowser()[pri:0, instance:com.testcases.TC_01_LoginTestCase@694abbdc]" name="closeBrowser" is-config="true" duration-ms="688" started-at="2019-01-15T16:24:09Z" finished-at="2019-01-15T16:24:10Z">
          <reporter-output>
          </reporter-output>
        </test-method> <!-- closeBrowser -->
      </class> <!-- com.testcases.TC_01_LoginTestCase -->
    </test> <!-- Test -->
    <test name="Test1" duration-ms="29962" started-at="2019-01-15T16:24:10Z" finished-at="2019-01-15T16:24:40Z">
      <class name="com.testcases.TC_02_ChangeDpTestCase">
        <test-method status="PASS" signature="openBrowser()[pri:0, instance:com.testcases.TC_02_ChangeDpTestCase@6ae5aa72]" name="openBrowser" is-config="true" duration-ms="4195" started-at="2019-01-15T16:24:10Z" finished-at="2019-01-15T16:24:14Z">
          <reporter-output>
          </reporter-output>
        </test-method> <!-- openBrowser -->
        <test-method status="PASS" signature="changeDpGmail()[pri:0, instance:com.testcases.TC_02_ChangeDpTestCase@6ae5aa72]" name="changeDpGmail" duration-ms="23553" started-at="2019-01-15T16:24:14Z" finished-at="2019-01-15T16:24:38Z">
          <reporter-output>
          </reporter-output>
        </test-method> <!-- changeDpGmail -->
        <test-method status="PASS" signature="closeBrowser()[pri:0, instance:com.testcases.TC_02_ChangeDpTestCase@6ae5aa72]" name="closeBrowser" is-config="true" duration-ms="2211" started-at="2019-01-15T16:24:38Z" finished-at="2019-01-15T16:24:40Z">
          <reporter-output>
          </reporter-output>
        </test-method> <!-- closeBrowser -->
      </class> <!-- com.testcases.TC_02_ChangeDpTestCase -->
    </test> <!-- Test1 -->
  </suite> <!-- Suite -->
</testng-results>
